0FIZZBUZZ
1
2FIZZBUZZ++
3FIZZ
4
5BUZZ
6FIZZ
7FIZZBUZZ++
8
9FIZZ
10BUZZ
11FIZZBUZZ++
12FIZZ
13FIZZBUZZ++
14
15FIZZBUZZ
16
17FIZZBUZZ++
18FIZZ
19FIZZBUZZ++
20BUZZ
21FIZZ
22
23FIZZBUZZ++
24FIZZ
25BUZZ
26
27FIZZ
28
29FIZZBUZZ++
30FIZZBUZZ
31FIZZBUZZ++
32
33FIZZ
34
35BUZZ
36FIZZ
37FIZZBUZZ++
38
39FIZZ
40BUZZ
41FIZZBUZZ++
42FIZZ
43FIZZBUZZ++
44
45FIZZBUZZ
46
47FIZZBUZZ++
48FIZZ
49
50BUZZ
51FIZZ
52
53FIZZBUZZ++
54FIZZ
55BUZZ
56
57FIZZ
58
59FIZZBUZZ++
60FIZZBUZZ
61FIZZBUZZ++
62
63FIZZ
64
65BUZZ
66FIZZ
67FIZZBUZZ++
68
69FIZZ
70BUZZ
71FIZZBUZZ++
72FIZZ
73FIZZBUZZ++
74
75FIZZBUZZ
76
77
78FIZZ
79FIZZBUZZ++
80BUZZ
81FIZZ
82
83FIZZBUZZ++
84FIZZ
85BUZZ
86
87FIZZ
88
89FIZZBUZZ++
90FIZZBUZZ
91
92
93FIZZ
94
95BUZZ
96FIZZ
97FIZZBUZZ++
98
99FIZZ
100BUZZ
101FIZZBUZZ++
102FIZZ
103FIZZBUZZ++
104
105FIZZBUZZ
106
107FIZZBUZZ++
108FIZZ
109FIZZBUZZ++
110BUZZ
111FIZZ
112
113FIZZBUZZ++
114FIZZ
115BUZZ
116
117FIZZ
118
119
120FIZZBUZZ
121
122
123FIZZ
124
125BUZZ
126FIZZ
127FIZZBUZZ++
128
129FIZZ
130BUZZ
131FIZZBUZZ++
132FIZZ
133
134
135FIZZBUZZ
136
137FIZZBUZZ++
138FIZZ
139FIZZBUZZ++
140BUZZ
141FIZZ
142
143
144FIZZ
145BUZZ
146
147FIZZ
148
149FIZZBUZZ++
150FIZZBUZZ
151FIZZBUZZ++
152
153FIZZ
154
155BUZZ
156FIZZ
157FIZZBUZZ++
158
159FIZZ
160BUZZ
161
162FIZZ
163FIZZBUZZ++
164
165FIZZBUZZ
166
167FIZZBUZZ++
168FIZZ
169
170BUZZ
171FIZZ
172
173FIZZBUZZ++
174FIZZ
175BUZZ
176
177FIZZ
178
179FIZZBUZZ++
180FIZZBUZZ
181FIZZBUZZ++
182
183FIZZ
184
185BUZZ
186FIZZ
187
188
189FIZZ
190BUZZ
191FIZZBUZZ++
192FIZZ
193FIZZBUZZ++
194
195FIZZBUZZ
196
197FIZZBUZZ++
198FIZZ
199FIZZBUZZ++
200BUZZ
201FIZZ
202
203
204FIZZ
205BUZZ
206
207FIZZ
208
209
210FIZZBUZZ
211FIZZBUZZ++
212
213FIZZ
214
215BUZZ
216FIZZ
217
218
219FIZZ
220BUZZ
221
222FIZZ
223FIZZBUZZ++
224
225FIZZBUZZ
226
227FIZZBUZZ++
228FIZZ
229FIZZBUZZ++
230BUZZ
231FIZZ
232
233FIZZBUZZ++
234FIZZ
235BUZZ
236
237FIZZ
238
239FIZZBUZZ++
240FIZZBUZZ
241FIZZBUZZ++
242
243FIZZ
244
245BUZZ
246FIZZ
247
248
249FIZZ
250BUZZ
251FIZZBUZZ++
252FIZZ
253
254
255FIZZBUZZ
256
257FIZZBUZZ++
258FIZZ
259
260BUZZ
261FIZZ
262
263FIZZBUZZ++
264FIZZ
265BUZZ
266
267FIZZ
268
269FIZZBUZZ++
270FIZZBUZZ
271FIZZBUZZ++
272
273FIZZ
274
275BUZZ
276FIZZ
277FIZZBUZZ++
278
279FIZZ
280BUZZ
281FIZZBUZZ++
282FIZZ
283FIZZBUZZ++
284
285FIZZBUZZ
286
287
288FIZZ
289
290BUZZ
291FIZZ
292
293FIZZBUZZ++
294FIZZ
295BUZZ
296
297FIZZ
298
299
300FIZZBUZZ
301
302
303FIZZ
304
305BUZZ
306FIZZ
307FIZZBUZZ++
308
309FIZZ
310BUZZ
311FIZZBUZZ++
312FIZZ
313FIZZBUZZ++
314
315FIZZBUZZ
316
317FIZZBUZZ++
318FIZZ
319
320BUZZ
321FIZZ
322
323
324FIZZ
325BUZZ
326
327FIZZ
328
329
330FIZZBUZZ
331FIZZBUZZ++
332
333FIZZ
334
335BUZZ
336FIZZ
337FIZZBUZZ++
338
339FIZZ
340BUZZ
341
342FIZZ
343
344
345FIZZBUZZ
346
347FIZZBUZZ++
348FIZZ
349FIZZBUZZ++
350BUZZ
351FIZZ
352
353FIZZBUZZ++
354FIZZ
355BUZZ
356
357FIZZ
358
359FIZZBUZZ++
360FIZZBUZZ
361
362
363FIZZ
364
365BUZZ
366FIZZ
367FIZZBUZZ++
368
369FIZZ
370BUZZ
371
372FIZZ
373FIZZBUZZ++
374
375FIZZBUZZ
376
377
378FIZZ
379FIZZBUZZ++
380BUZZ
381FIZZ
382
383FIZZBUZZ++
384FIZZ
385BUZZ
386
387FIZZ
388
389FIZZBUZZ++
390FIZZBUZZ
391
392
393FIZZ
394
395BUZZ
396FIZZ
397FIZZBUZZ++
398
399FIZZ
400BUZZ
401FIZZBUZZ++
402FIZZ
403
404
405FIZZBUZZ
406
407
408FIZZ
409FIZZBUZZ++
410BUZZ
411FIZZ
412
413
414FIZZ
415BUZZ
416
417FIZZ
418
419FIZZBUZZ++
420FIZZBUZZ
421FIZZBUZZ++
422
423FIZZ
424
425BUZZ
426FIZZ
427
428
429FIZZ
430BUZZ
431FIZZBUZZ++
432FIZZ
433FIZZBUZZ++
434
435FIZZBUZZ
436
437
438FIZZ
439FIZZBUZZ++
440BUZZ
441FIZZ
442
443FIZZBUZZ++
444FIZZ
445BUZZ
446
447FIZZ
448
449FIZZBUZZ++
450FIZZBUZZ
451
452
453FIZZ
454
455BUZZ
456FIZZ
457FIZZBUZZ++
458
459FIZZ
460BUZZ
461FIZZBUZZ++
462FIZZ
463FIZZBUZZ++
464
465FIZZBUZZ
466
467FIZZBUZZ++
468FIZZ
469
470BUZZ
471FIZZ
472
473
474FIZZ
475BUZZ
476
477FIZZ
478
479FIZZBUZZ++
480FIZZBUZZ
481
482
483FIZZ
484
485BUZZ
486FIZZ
487FIZZBUZZ++
488
489FIZZ
490BUZZ
491FIZZBUZZ++
492FIZZ
493
494
495FIZZBUZZ
496
497
498FIZZ
499FIZZBUZZ++
500BUZZ
0FIZZBUZZ
1
2FIZZBUZZ++
3FIZZ
4
5BUZZ
6FIZZ
7FIZZBUZZ++
8
9FIZZ
10BUZZ
11FIZZBUZZ++
12FIZZ
13FIZZBUZZ++
14
15FIZZBUZZ
16
17FIZZBUZZ++
18FIZZ
19FIZZBUZZ++
20BUZZ
21FIZZ
22
23FIZZBUZZ++
24FIZZ
25BUZZ
26
27FIZZ
28
29FIZZBUZZ++
30FIZZBUZZ
31FIZZBUZZ++
32
33FIZZ
34
35BUZZ
36FIZZ
37FIZZBUZZ++
38
39FIZZ
40BUZZ
41FIZZBUZZ++
42FIZZ
43FIZZBUZZ++
44
45FIZZBUZZ
46
47FIZZBUZZ++
48FIZZ
49
50BUZZ
51FIZZ
52
53FIZZBUZZ++
54FIZZ
55BUZZ
56
57FIZZ
58
59FIZZBUZZ++
60FIZZBUZZ
61FIZZBUZZ++
62
63FIZZ
64
65BUZZ
66FIZZ
67FIZZBUZZ++
68
69FIZZ
70BUZZ
71FIZZBUZZ++
72FIZZ
73FIZZBUZZ++
74
75FIZZBUZZ
76
77
78FIZZ
79FIZZBUZZ++
80BUZZ
81FIZZ
82
83FIZZBUZZ++
84FIZZ
85BUZZ
86
87FIZZ
88
89FIZZBUZZ++
90FIZZBUZZ
91
92
93FIZZ
94
95BUZZ
96FIZZ
97FIZZBUZZ++
98
99FIZZ
100BUZZ
101FIZZBUZZ++
102FIZZ
103FIZZBUZZ++
104
105FIZZBUZZ
106
107FIZZBUZZ++
108FIZZ
109FIZZBUZZ++
110BUZZ
111FIZZ
112
113FIZZBUZZ++
114FIZZ
115BUZZ
116
117FIZZ
118
119
120FIZZBUZZ
121
122
123FIZZ
124
125BUZZ
126FIZZ
127FIZZBUZZ++
128
129FIZZ
130BUZZ
131FIZZBUZZ++
132FIZZ
133
134
135FIZZBUZZ
136
137FIZZBUZZ++
138FIZZ
139FIZZBUZZ++
140BUZZ
141FIZZ
142
143
144FIZZ
145BUZZ
146
147FIZZ
148
149FIZZBUZZ++
150FIZZBUZZ
151FIZZBUZZ++
152
153FIZZ
154
155BUZZ
156FIZZ
157FIZZBUZZ++
158
159FIZZ
160BUZZ
161
162FIZZ
163FIZZBUZZ++
164
165FIZZBUZZ
166
167FIZZBUZZ++
168FIZZ
169
170BUZZ
171FIZZ
172
173FIZZBUZZ++
174FIZZ
175BUZZ
176
177FIZZ
178
179FIZZBUZZ++
180FIZZBUZZ
181FIZZBUZZ++
182
183FIZZ
184
185BUZZ
186FIZZ
187
188
189FIZZ
190BUZZ
191FIZZBUZZ++
192FIZZ
193FIZZBUZZ++
194
195FIZZBUZZ
196
197FIZZBUZZ++
198FIZZ
199FIZZBUZZ++
200BUZZ
201FIZZ
202
203
204FIZZ
205BUZZ
206
207FIZZ
208
209
210FIZZBUZZ
211FIZZBUZZ++
212
213FIZZ
214
215BUZZ
216FIZZ
217
218
219FIZZ
220BUZZ
221
222FIZZ
223FIZZBUZZ++
224
225FIZZBUZZ
226
227FIZZBUZZ++
228FIZZ
229FIZZBUZZ++
230BUZZ
231FIZZ
232
233FIZZBUZZ++
234FIZZ
235BUZZ
236
237FIZZ
238
239FIZZBUZZ++
240FIZZBUZZ
241FIZZBUZZ++
242
243FIZZ
244
245BUZZ
246FIZZ
247
248
249FIZZ
250BUZZ
251FIZZBUZZ++
252FIZZ
253
254
255FIZZBUZZ
256
257FIZZBUZZ++
258FIZZ
259
260BUZZ
261FIZZ
262
263FIZZBUZZ++
264FIZZ
265BUZZ
266
267FIZZ
268
269FIZZBUZZ++
270FIZZBUZZ
271FIZZBUZZ++
272
273FIZZ
274
275BUZZ
276FIZZ
277FIZZBUZZ++
278
279FIZZ
280BUZZ
281FIZZBUZZ++
282FIZZ
283FIZZBUZZ++
284
285FIZZBUZZ
286
287
288FIZZ
289
290BUZZ
291FIZZ
292
293FIZZBUZZ++
294FIZZ
295BUZZ
296
297FIZZ
298
299
300FIZZBUZZ
301
302
303FIZZ
304
305BUZZ
306FIZZ
307FIZZBUZZ++
308
309FIZZ
310BUZZ
311FIZZBUZZ++
312FIZZ
313FIZZBUZZ++
314
315FIZZBUZZ
316
317FIZZBUZZ++
318FIZZ
319
320BUZZ
321FIZZ
322
323
324FIZZ
325BUZZ
326
327FIZZ
328
329
330FIZZBUZZ
331FIZZBUZZ++
332
333FIZZ
334
335BUZZ
336FIZZ
337FIZZBUZZ++
338
339FIZZ
340BUZZ
341
342FIZZ
343
344
345FIZZBUZZ
346
347FIZZBUZZ++
348FIZZ
349FIZZBUZZ++
350BUZZ
351FIZZ
352
353FIZZBUZZ++
354FIZZ
355BUZZ
356
357FIZZ
358
359FIZZBUZZ++
360FIZZBUZZ
361
362
363FIZZ
364
365BUZZ
366FIZZ
367FIZZBUZZ++
368
369FIZZ
370BUZZ
371
372FIZZ
373FIZZBUZZ++
374
375FIZZBUZZ
376
377
378FIZZ
379FIZZBUZZ++
380BUZZ
381FIZZ
382
383FIZZBUZZ++
384FIZZ
385BUZZ
386
387FIZZ
388
389FIZZBUZZ++
390FIZZBUZZ
391
392
393FIZZ
394
395BUZZ
396FIZZ
397FIZZBUZZ++
398
399FIZZ
400BUZZ
401FIZZBUZZ++
402FIZZ
403
404
405FIZZBUZZ
406
407
408FIZZ
409FIZZBUZZ++
410BUZZ
411FIZZ
412
413
414FIZZ
415BUZZ
416
417FIZZ
418
419FIZZBUZZ++
420FIZZBUZZ
421FIZZBUZZ++
422
423FIZZ
424
425BUZZ
426FIZZ
427
428
429FIZZ
430BUZZ
431FIZZBUZZ++
432FIZZ
433FIZZBUZZ++
434
435FIZZBUZZ
436
437
438FIZZ
439FIZZBUZZ++
440BUZZ
441FIZZ
442
443FIZZBUZZ++
444FIZZ
445BUZZ
446
447FIZZ
448
449FIZZBUZZ++
450FIZZBUZZ
451
452
453FIZZ
454
455BUZZ
456FIZZ
457FIZZBUZZ++
458
459FIZZ
460BUZZ
461FIZZBUZZ++
462FIZZ
463FIZZBUZZ++
464
465FIZZBUZZ
466
467FIZZBUZZ++
468FIZZ
469
470BUZZ
471FIZZ
472
473
474FIZZ
475BUZZ
476
477FIZZ
478
479FIZZBUZZ++
480FIZZBUZZ
481
482
483FIZZ
484
485BUZZ
486FIZZ
487FIZZBUZZ++
488
489FIZZ
490BUZZ
491FIZZBUZZ++
492FIZZ
493
494
495FIZZBUZZ
496
497
498FIZZ
499FIZZBUZZ++
500BUZZ
